<?xml version="1.0" encoding="UTF-8"?>
<testng-results ignored="0" total="1" passed="1" failed="0" skipped="0">
  <reporter-output>
  </reporter-output>
  <suite started-at="2023-01-03T08:53:40 IST" name="Default suite" finished-at="2023-01-03T08:53:54 IST" duration-ms="14005">
    <groups>
    </groups>
    <test started-at="2023-01-03T08:53:40 IST" name="Default test" finished-at="2023-01-03T08:53:54 IST" duration-ms="14005">
      <class name="org.prop.PropertyFile1">
        <test-method is-config="true" signature="logCreation()[pri:0, instance:org.prop.PropertyFile1@55182842]" started-at="2023-01-03T08:53:39 IST" name="logCreation" finished-at="2023-01-03T08:53:40 IST" duration-ms="985" status="PASS">
          <reporter-output>
          </reporter-output>
        </test-method> <!-- logCreation -->
        <test-method is-config="true" signature="setUp()[pri:0, instance:org.prop.PropertyFile1@55182842]" started-at="2023-01-03T08:53:40 IST" name="setUp" finished-at="2023-01-03T08:53:50 IST" duration-ms="10257" status="PASS">
          <reporter-output>
          </reporter-output>
        </test-method> <!-- setUp -->
        <test-method signature="login()[pri:0, instance:org.prop.PropertyFile1@55182842]" started-at="2023-01-03T08:53:50 IST" name="login" finished-at="2023-01-03T08:53:52 IST" duration-ms="2299" status="PASS">
          <reporter-output>
          </reporter-output>
        </test-method> <!-- login -->
        <test-method is-config="true" signature="tearDown()[pri:0, instance:org.prop.PropertyFile1@55182842]" started-at="2023-01-03T08:53:52 IST" name="tearDown" finished-at="2023-01-03T08:53:54 IST" duration-ms="1382" status="PASS">
          <reporter-output>
          </reporter-output>
        </test-method> <!-- tearDown -->
      </class> <!-- org.prop.PropertyFile1 -->
    </test> <!-- Default test -->
  </suite> <!-- Default suite -->
</testng-results>
