<?xml version="1.0" encoding="UTF-8"?>
<testng-results ignored="0" total="1" passed="1" failed="0" skipped="0">
  <reporter-output>
  </reporter-output>
  <suite started-at="2023-01-03T08:27:00 IST" name="Default suite" finished-at="2023-01-03T08:27:14 IST" duration-ms="14438">
    <groups>
    </groups>
    <test started-at="2023-01-03T08:27:00 IST" name="Default test" finished-at="2023-01-03T08:27:14 IST" duration-ms="14438">
      <class name="org.prop.PropertyFile1">
        <test-method is-config="true" signature="setUp()[pri:0, instance:org.prop.PropertyFile1@1a482e36]" started-at="2023-01-03T08:27:00 IST" name="setUp" finished-at="2023-01-03T08:27:10 IST" duration-ms="9995" status="PASS">
          <reporter-output>
          </reporter-output>
        </test-method> <!-- setUp -->
        <test-method signature="login()[pri:0, instance:org.prop.PropertyFile1@1a482e36]" started-at="2023-01-03T08:27:10 IST" name="login" finished-at="2023-01-03T08:27:13 IST" duration-ms="2849" status="PASS">
          <reporter-output>
          </reporter-output>
        </test-method> <!-- login -->
        <test-method is-config="true" signature="tearDown()[pri:0, instance:org.prop.PropertyFile1@1a482e36]" started-at="2023-01-03T08:27:13 IST" name="tearDown" finished-at="2023-01-03T08:27:14 IST" duration-ms="1487" status="PASS">
          <reporter-output>
          </reporter-output>
        </test-method> <!-- tearDown -->
      </class> <!-- org.prop.PropertyFile1 -->
    </test> <!-- Default test -->
  </suite> <!-- Default suite -->
</testng-results>
